<?xml version="1.0" encoding="UTF-8"?>
<!-- Generated by org.testng.reporters.JUnitReportReporter -->
<testsuite name="first.Maven.selenium" tests="1" time="43.795" ignored="0" failures="0" timestamp="24 Sep 2020 11:16:19 GMT" skipped="0" hostname="DESKTOP-VA7NTH0" errors="0">
  <testcase name="testNG" time="43.795" classname="first.Maven.selenium"/>
</testsuite> <!-- first.Maven.selenium -->
