<?xml version="1.0" encoding="UTF-8"?>
<!-- Generated by org.testng.reporters.JUnitReportReporter -->
<testsuite hostname="DESKTOP-VA7NTH0" name="first.Maven.selenium" tests="1" failures="0" timestamp="25 Sep 2020 05:48:58 GMT" time="36.081" errors="0">
  <testcase name="testNG" time="36.081" classname="first.Maven.selenium"/>
</testsuite> <!-- first.Maven.selenium -->
